<?xml version="1.0" encoding="UTF-8"?>
<testng-results skipped="0" failed="0" total="2" passed="2">
  <reporter-output>
  </reporter-output>
  <suite name="BMS suite" duration-ms="48228" started-at="2019-05-10T18:53:51Z" finished-at="2019-05-10T18:54:39Z">
    <groups>
    </groups>
    <test name="BMS Test" duration-ms="48228" started-at="2019-05-10T18:53:51Z" finished-at="2019-05-10T18:54:39Z">
      <class name="com.bookmyshow.BookMyShow.BMS_1">
        <test-method status="PASS" signature="emailPrint(java.lang.String)[pri:0, instance:com.bookmyshow.BookMyShow.BMS_1@3f49dace]" name="emailPrint" duration-ms="15" started-at="2019-05-11T00:24:37Z" finished-at="2019-05-11T00:24:37Z">
          <params>
            <param index="0">
              <value>
                <![CDATA[vjaiswal604@gmail.com]]>
              </value>
            </param>
          </params>
          <reporter-output>
          </reporter-output>
        </test-method> <!-- emailPrint -->
      </class> <!-- com.bookmyshow.BookMyShow.BMS_1 -->
      <class name="com.bookmyshow.BookMyShow.Launch">
        <test-method status="PASS" signature="setUp()[pri:0, instance:com.bookmyshow.BookMyShow.Launch@31a5c39e]" name="setUp" is-config="true" duration-ms="738" started-at="2019-05-11T00:23:51Z" finished-at="2019-05-11T00:23:52Z">
          <reporter-output>
          </reporter-output>
        </test-method> <!-- setUp -->
        <test-method status="PASS" signature="register(java.lang.reflect.Method)[pri:0, instance:com.bookmyshow.BookMyShow.Launch@31a5c39e]" name="register" is-config="true" duration-ms="13" started-at="2019-05-11T00:23:52Z" finished-at="2019-05-11T00:23:52Z">
          <params>
            <param index="0">
              <value>
                <![CDATA[public static void com.bookmyshow.BookMyShow.Launch.launchBrowser()]]>
              </value>
            </param>
          </params>
          <reporter-output>
          </reporter-output>
        </test-method> <!-- register -->
        <test-method status="PASS" signature="launchBrowser()[pri:0, instance:com.bookmyshow.BookMyShow.Launch@31a5c39e]" name="launchBrowser" duration-ms="45157" started-at="2019-05-11T00:23:52Z" finished-at="2019-05-11T00:24:37Z">
          <reporter-output>
          </reporter-output>
        </test-method> <!-- launchBrowser -->
        <test-method status="PASS" signature="status(org.testng.ITestResult)[pri:0, instance:com.bookmyshow.BookMyShow.Launch@31a5c39e]" name="status" is-config="true" duration-ms="79" started-at="2019-05-11T00:24:37Z" finished-at="2019-05-11T00:24:37Z">
          <params>
            <param index="0">
              <value>
                <![CDATA[[TestResult name=launchBrowser status=SUCCESS method=Launch.launchBrowser()[pri:0, instance:com.bookmyshow.BookMyShow.Launch@31a5c39e] output={null}]]]>
              </value>
            </param>
          </params>
          <reporter-output>
          </reporter-output>
        </test-method> <!-- status -->
        <test-method status="PASS" signature="tearDown()[pri:0, instance:com.bookmyshow.BookMyShow.Launch@31a5c39e]" name="tearDown" is-config="true" duration-ms="2147" started-at="2019-05-11T00:24:37Z" finished-at="2019-05-11T00:24:39Z">
          <reporter-output>
          </reporter-output>
        </test-method> <!-- tearDown -->
      </class> <!-- com.bookmyshow.BookMyShow.Launch -->
    </test> <!-- BMS Test -->
  </suite> <!-- BMS suite -->
</testng-results>
